[0.007s] Invoking command in '/home/harshita/AMR/build/am_robo': CMAKE_PREFIX_PATH=${CMAKE_PREFIX_PATH}:/opt/ros/humble /usr/bin/cmake /home/harshita/AMR/src/am_robo -DAMENT_CMAKE_SYMLINK_INSTALL=1 -DCMAKE_INSTALL_PREFIX=/home/harshita/AMR/install/am_robo
[0.020s] -- Found ament_cmake: 1.3.12 (/opt/ros/humble/share/ament_cmake/cmake)
[0.119s] -- Override CMake install command with custom implementation using symlinks instead of copying resources
[0.124s] -- Found ament_lint_auto: 0.12.14 (/opt/ros/humble/share/ament_lint_auto/cmake)
[0.174s] -- Added test 'copyright' to check source files copyright and LICENSE
[0.176s] -- Added test 'flake8' to check Python code syntax and style conventions
[0.176s] -- Added test 'lint_cmake' to check CMake code style
[0.176s] -- Added test 'pep257' to check Python code against some of the docstring style conventions in PEP 257
[0.176s] -- Added test 'xmllint' to check XML markup files
[0.177s] -- Configuring done
[0.178s] -- Generating done
[0.179s] -- Build files have been written to: /home/harshita/AMR/build/am_robo
[0.181s] Invoked command in '/home/harshita/AMR/build/am_robo' returned '0': CMAKE_PREFIX_PATH=${CMAKE_PREFIX_PATH}:/opt/ros/humble /usr/bin/cmake /home/harshita/AMR/src/am_robo -DAMENT_CMAKE_SYMLINK_INSTALL=1 -DCMAKE_INSTALL_PREFIX=/home/harshita/AMR/install/am_robo
[0.183s] Invoking command in '/home/harshita/AMR/build/am_robo': CMAKE_PREFIX_PATH=${CMAKE_PREFIX_PATH}:/opt/ros/humble /usr/bin/cmake --build /home/harshita/AMR/build/am_robo -- -j12 -l12
[0.224s] Invoked command in '/home/harshita/AMR/build/am_robo' returned '0': CMAKE_PREFIX_PATH=${CMAKE_PREFIX_PATH}:/opt/ros/humble /usr/bin/cmake --build /home/harshita/AMR/build/am_robo -- -j12 -l12
[0.237s] Invoking command in '/home/harshita/AMR/build/am_robo': CMAKE_PREFIX_PATH=${CMAKE_PREFIX_PATH}:/opt/ros/humble /usr/bin/cmake --install /home/harshita/AMR/build/am_robo
[0.246s] -- Install configuration: ""
[0.247s] -- Execute custom install script
[0.247s] -- Up-to-date symlink: /home/harshita/AMR/install/am_robo/share/am_robo/description/gazebo_control.xacro
[0.248s] -- Up-to-date symlink: /home/harshita/AMR/install/am_robo/share/am_robo/description/inertial_macros.xacro
[0.248s] -- Up-to-date symlink: /home/harshita/AMR/install/am_robo/share/am_robo/description/robot.urdf.xacro
[0.248s] -- Up-to-date symlink: /home/harshita/AMR/install/am_robo/share/am_robo/description/robot_core.xacro
[0.248s] -- Up-to-date symlink: /home/harshita/AMR/install/am_robo/share/am_robo/description/ros2_control.xacro
[0.248s] -- Up-to-date symlink: /home/harshita/AMR/install/am_robo/share/am_robo/launch/launch_sim.launch.py
[0.248s] -- Up-to-date symlink: /home/harshita/AMR/install/am_robo/share/am_robo/launch/rsp.launch.py
[0.248s] -- Up-to-date symlink: /home/harshita/AMR/install/am_robo/share/ament_index/resource_index/package_run_dependencies/am_robo
[0.248s] -- Up-to-date symlink: /home/harshita/AMR/install/am_robo/share/ament_index/resource_index/parent_prefix_path/am_robo
[0.249s] -- Up-to-date symlink: /home/harshita/AMR/install/am_robo/share/am_robo/environment/ament_prefix_path.sh
[0.249s] -- Up-to-date symlink: /home/harshita/AMR/install/am_robo/share/am_robo/environment/ament_prefix_path.dsv
[0.249s] -- Up-to-date symlink: /home/harshita/AMR/install/am_robo/share/am_robo/environment/path.sh
[0.249s] -- Up-to-date symlink: /home/harshita/AMR/install/am_robo/share/am_robo/environment/path.dsv
[0.249s] -- Up-to-date symlink: /home/harshita/AMR/install/am_robo/share/am_robo/local_setup.bash
[0.249s] -- Up-to-date symlink: /home/harshita/AMR/install/am_robo/share/am_robo/local_setup.sh
[0.249s] -- Up-to-date symlink: /home/harshita/AMR/install/am_robo/share/am_robo/local_setup.zsh
[0.249s] -- Up-to-date symlink: /home/harshita/AMR/install/am_robo/share/am_robo/local_setup.dsv
[0.250s] -- Symlinking: /home/harshita/AMR/install/am_robo/share/am_robo/package.dsv
[0.257s] -- Up-to-date symlink: /home/harshita/AMR/install/am_robo/share/ament_index/resource_index/packages/am_robo
[0.257s] -- Up-to-date symlink: /home/harshita/AMR/install/am_robo/share/am_robo/cmake/am_roboConfig.cmake
[0.257s] -- Up-to-date symlink: /home/harshita/AMR/install/am_robo/share/am_robo/cmake/am_roboConfig-version.cmake
[0.257s] -- Up-to-date symlink: /home/harshita/AMR/install/am_robo/share/am_robo/package.xml
[0.259s] Invoked command in '/home/harshita/AMR/build/am_robo' returned '0': CMAKE_PREFIX_PATH=${CMAKE_PREFIX_PATH}:/opt/ros/humble /usr/bin/cmake --install /home/harshita/AMR/build/am_robo
