[0.009s] Invoking command in '/home/harshita/AMR/build/am_robo': CMAKE_PREFIX_PATH=${CMAKE_PREFIX_PATH}:/opt/ros/humble /usr/bin/cmake --build /home/harshita/AMR/build/am_robo -- -j12 -l12
[0.043s] Invoked command in '/home/harshita/AMR/build/am_robo' returned '0': CMAKE_PREFIX_PATH=${CMAKE_PREFIX_PATH}:/opt/ros/humble /usr/bin/cmake --build /home/harshita/AMR/build/am_robo -- -j12 -l12
[0.055s] Invoking command in '/home/harshita/AMR/build/am_robo': CMAKE_PREFIX_PATH=${CMAKE_PREFIX_PATH}:/opt/ros/humble /usr/bin/cmake --install /home/harshita/AMR/build/am_robo
[0.063s] -- Install configuration: ""
[0.063s] -- Execute custom install script
[0.064s] -- Up-to-date symlink: /home/harshita/AMR/install/am_robo/share/am_robo/config/drive.rviz
[0.064s] -- Up-to-date symlink: /home/harshita/AMR/install/am_robo/share/am_robo/description/gazebo_control.xacro
[0.064s] -- Up-to-date symlink: /home/harshita/AMR/install/am_robo/share/am_robo/description/inertial_macros.xacro
[0.064s] -- Up-to-date symlink: /home/harshita/AMR/install/am_robo/share/am_robo/description/lidar.xacro
[0.064s] -- Up-to-date symlink: /home/harshita/AMR/install/am_robo/share/am_robo/description/robot.urdf.xacro
[0.064s] -- Up-to-date symlink: /home/harshita/AMR/install/am_robo/share/am_robo/description/robot_core.xacro
[0.064s] -- Up-to-date symlink: /home/harshita/AMR/install/am_robo/share/am_robo/description/ros2_control.xacro
[0.065s] -- Up-to-date symlink: /home/harshita/AMR/install/am_robo/share/am_robo/launch/launch_sim.launch.py
[0.065s] -- Up-to-date symlink: /home/harshita/AMR/install/am_robo/share/am_robo/launch/rsp.launch.py
[0.065s] -- Up-to-date symlink: /home/harshita/AMR/install/am_robo/share/ament_index/resource_index/package_run_dependencies/am_robo
[0.065s] -- Up-to-date symlink: /home/harshita/AMR/install/am_robo/share/ament_index/resource_index/parent_prefix_path/am_robo
[0.065s] -- Up-to-date symlink: /home/harshita/AMR/install/am_robo/share/am_robo/environment/ament_prefix_path.sh
[0.065s] -- Up-to-date symlink: /home/harshita/AMR/install/am_robo/share/am_robo/environment/ament_prefix_path.dsv
[0.065s] -- Up-to-date symlink: /home/harshita/AMR/install/am_robo/share/am_robo/environment/path.sh
[0.065s] -- Up-to-date symlink: /home/harshita/AMR/install/am_robo/share/am_robo/environment/path.dsv
[0.066s] -- Up-to-date symlink: /home/harshita/AMR/install/am_robo/share/am_robo/local_setup.bash
[0.066s] -- Up-to-date symlink: /home/harshita/AMR/install/am_robo/share/am_robo/local_setup.sh
[0.066s] -- Up-to-date symlink: /home/harshita/AMR/install/am_robo/share/am_robo/local_setup.zsh
[0.066s] -- Up-to-date symlink: /home/harshita/AMR/install/am_robo/share/am_robo/local_setup.dsv
[0.066s] -- Symlinking: /home/harshita/AMR/install/am_robo/share/am_robo/package.dsv
[0.077s] -- Up-to-date symlink: /home/harshita/AMR/install/am_robo/share/ament_index/resource_index/packages/am_robo
[0.077s] -- Up-to-date symlink: /home/harshita/AMR/install/am_robo/share/am_robo/cmake/am_roboConfig.cmake
[0.077s] -- Up-to-date symlink: /home/harshita/AMR/install/am_robo/share/am_robo/cmake/am_roboConfig-version.cmake
[0.077s] -- Up-to-date symlink: /home/harshita/AMR/install/am_robo/share/am_robo/package.xml
[0.079s] Invoked command in '/home/harshita/AMR/build/am_robo' returned '0': CMAKE_PREFIX_PATH=${CMAKE_PREFIX_PATH}:/opt/ros/humble /usr/bin/cmake --install /home/harshita/AMR/build/am_robo
