[0.013s] Invoking command in '/home/harshita/AMR/build/am_robo': CMAKE_PREFIX_PATH=${CMAKE_PREFIX_PATH}:/home/harshita/ros2_ws/install/quad_controller:/opt/ros/humble /usr/bin/cmake /home/harshita/AMR/src/am_robo -DAMENT_CMAKE_SYMLINK_INSTALL=1 -DCMAKE_INSTALL_PREFIX=/home/harshita/AMR/install/am_robo
[0.153s] -- The C compiler identification is GNU 11.4.0
[0.264s] -- The CXX compiler identification is GNU 11.4.0
[0.274s] -- Detecting C compiler ABI info
[0.361s] -- Detecting C compiler ABI info - done
[0.365s] -- Check for working C compiler: /usr/bin/cc - skipped
[0.366s] -- Detecting C compile features
[0.366s] -- Detecting C compile features - done
[0.369s] -- Detecting CXX compiler ABI info
[0.454s] -- Detecting CXX compiler ABI info - done
[0.460s] -- Check for working CXX compiler: /usr/bin/c++ - skipped
[0.460s] -- Detecting CXX compile features
[0.461s] -- Detecting CXX compile features - done
[0.467s] -- Found ament_cmake: 1.3.12 (/opt/ros/humble/share/ament_cmake/cmake)
[0.776s] -- Found Python3: /usr/bin/python3 (found version "3.10.12") found components: Interpreter 
[0.827s] -- Override CMake install command with custom implementation using symlinks instead of copying resources
[0.856s] -- Found rclcpp: 16.0.16 (/opt/ros/humble/share/rclcpp/cmake)
[0.905s] -- Found rosidl_generator_c: 3.1.7 (/opt/ros/humble/share/rosidl_generator_c/cmake)
[0.909s] -- Found rosidl_adapter: 3.1.7 (/opt/ros/humble/share/rosidl_adapter/cmake)
[0.916s] -- Found rosidl_generator_cpp: 3.1.7 (/opt/ros/humble/share/rosidl_generator_cpp/cmake)
[0.929s] -- Using all available rosidl_typesupport_c: rosidl_typesupport_fastrtps_c;rosidl_typesupport_introspection_c
[0.942s] -- Using all available rosidl_typesupport_cpp: rosidl_typesupport_fastrtps_cpp;rosidl_typesupport_introspection_cpp
[0.980s] -- Found rmw_implementation_cmake: 6.1.2 (/opt/ros/humble/share/rmw_implementation_cmake/cmake)
[0.982s] -- Found rmw_fastrtps_cpp: 6.2.9 (/opt/ros/humble/share/rmw_fastrtps_cpp/cmake)
[1.110s] -- Found OpenSSL: /usr/lib/x86_64-linux-gnu/libcrypto.so (found version "3.0.2")  
[1.146s] -- Found FastRTPS: /opt/ros/humble/include  
[1.173s] -- Using RMW implementation 'rmw_fastrtps_cpp' as default
[1.181s] -- Looking for pthread.h
[1.258s] -- Looking for pthread.h - found
[1.258s] -- Performing Test CMAKE_HAVE_LIBC_PTHREAD
[1.333s] -- Performing Test CMAKE_HAVE_LIBC_PTHREAD - Success
[1.334s] -- Found Threads: TRUE  
[1.378s] -- Found ament_lint_auto: 0.12.14 (/opt/ros/humble/share/ament_lint_auto/cmake)
[1.443s] -- Added test 'flake8' to check Python code syntax and style conventions
[1.443s] -- Added test 'lint_cmake' to check CMake code style
[1.443s] -- Added test 'pep257' to check Python code against some of the docstring style conventions in PEP 257
[1.444s] -- Added test 'xmllint' to check XML markup files
[1.445s] -- Configuring done
[1.447s] -- Generating done
[1.449s] -- Build files have been written to: /home/harshita/AMR/build/am_robo
[1.455s] Invoked command in '/home/harshita/AMR/build/am_robo' returned '0': CMAKE_PREFIX_PATH=${CMAKE_PREFIX_PATH}:/home/harshita/ros2_ws/install/quad_controller:/opt/ros/humble /usr/bin/cmake /home/harshita/AMR/src/am_robo -DAMENT_CMAKE_SYMLINK_INSTALL=1 -DCMAKE_INSTALL_PREFIX=/home/harshita/AMR/install/am_robo
[1.457s] Invoking command in '/home/harshita/AMR/build/am_robo': CMAKE_PREFIX_PATH=${CMAKE_PREFIX_PATH}:/home/harshita/ros2_ws/install/quad_controller:/opt/ros/humble /usr/bin/cmake --build /home/harshita/AMR/build/am_robo -- -j12 -l12
[1.495s] Invoked command in '/home/harshita/AMR/build/am_robo' returned '0': CMAKE_PREFIX_PATH=${CMAKE_PREFIX_PATH}:/home/harshita/ros2_ws/install/quad_controller:/opt/ros/humble /usr/bin/cmake --build /home/harshita/AMR/build/am_robo -- -j12 -l12
[1.506s] Invoking command in '/home/harshita/AMR/build/am_robo': CMAKE_PREFIX_PATH=${CMAKE_PREFIX_PATH}:/home/harshita/ros2_ws/install/quad_controller:/opt/ros/humble /usr/bin/cmake --install /home/harshita/AMR/build/am_robo
[1.514s] -- Install configuration: ""
[1.515s] -- Execute custom install script
[1.515s] -- Symlinking: /home/harshita/AMR/install/am_robo/share/ament_index/resource_index/package_run_dependencies/am_robo
[1.524s] -- Symlinking: /home/harshita/AMR/install/am_robo/share/ament_index/resource_index/parent_prefix_path/am_robo
[1.530s] -- Symlinking: /home/harshita/AMR/install/am_robo/share/am_robo/environment/ament_prefix_path.sh
[1.539s] -- Symlinking: /home/harshita/AMR/install/am_robo/share/am_robo/environment/ament_prefix_path.dsv
[1.548s] -- Symlinking: /home/harshita/AMR/install/am_robo/share/am_robo/environment/path.sh
[1.554s] -- Symlinking: /home/harshita/AMR/install/am_robo/share/am_robo/environment/path.dsv
[1.569s] -- Symlinking: /home/harshita/AMR/install/am_robo/share/am_robo/local_setup.bash
[1.580s] -- Symlinking: /home/harshita/AMR/install/am_robo/share/am_robo/local_setup.sh
[1.590s] -- Symlinking: /home/harshita/AMR/install/am_robo/share/am_robo/local_setup.zsh
[1.598s] -- Symlinking: /home/harshita/AMR/install/am_robo/share/am_robo/local_setup.dsv
[1.606s] -- Symlinking: /home/harshita/AMR/install/am_robo/share/am_robo/package.dsv
[1.616s] -- Symlinking: /home/harshita/AMR/install/am_robo/share/ament_index/resource_index/packages/am_robo
[1.626s] -- Symlinking: /home/harshita/AMR/install/am_robo/share/am_robo/cmake/am_roboConfig.cmake
[1.635s] -- Symlinking: /home/harshita/AMR/install/am_robo/share/am_robo/cmake/am_roboConfig-version.cmake
[1.644s] -- Symlinking: /home/harshita/AMR/install/am_robo/share/am_robo/package.xml
[1.654s] Invoked command in '/home/harshita/AMR/build/am_robo' returned '0': CMAKE_PREFIX_PATH=${CMAKE_PREFIX_PATH}:/home/harshita/ros2_ws/install/quad_controller:/opt/ros/humble /usr/bin/cmake --install /home/harshita/AMR/build/am_robo
