[0.066s] DEBUG:colcon:Command line arguments: ['/usr/bin/colcon', 'build', '--symlink-install']
[0.066s] DEBUG:colcon:Parsed command line arguments: Namespace(log_base=None, log_level=None, verb_name='build', build_base='build', install_base='install', merge_install=False, symlink_install=True, test_result_base=None, continue_on_error=False, executor='parallel', parallel_workers=12, event_handlers=None, ignore_user_meta=False, metas=['./colcon.meta'], base_paths=['.'], packages_ignore=None, packages_ignore_regex=None, paths=None, packages_up_to=None, packages_up_to_regex=None, packages_above=None, packages_above_and_dependencies=None, packages_above_depth=None, packages_select_by_dep=None, packages_skip_by_dep=None, packages_skip_up_to=None, packages_select_build_failed=False, packages_skip_build_finished=False, packages_select_test_failures=False, packages_skip_test_passed=False, packages_select=None, packages_skip=None, packages_select_regex=None, packages_skip_regex=None, packages_start=None, packages_end=None, allow_overriding=[], cmake_args=None, cmake_target=None, cmake_target_skip_unavailable=False, cmake_clean_cache=False, cmake_clean_first=False, cmake_force_configure=False, ament_cmake_args=None, catkin_cmake_args=None, catkin_skip_building_tests=False, verb_parser=<colcon_defaults.argument_parser.defaults.DefaultArgumentsDecorator object at 0x765901235630>, verb_extension=<colcon_core.verb.build.BuildVerb object at 0x765901235060>, main=<bound method BuildVerb.main of <colcon_core.verb.build.BuildVerb object at 0x765901235060>>)
[0.092s] Level 1:colcon.colcon_core.package_discovery:discover_packages(colcon_meta) check parameters
[0.092s] Level 1:colcon.colcon_core.package_discovery:discover_packages(recursive) check parameters
[0.092s] Level 1:colcon.colcon_core.package_discovery:discover_packages(ignore) check parameters
[0.092s] Level 1:colcon.colcon_core.package_discovery:discover_packages(path) check parameters
[0.092s] Level 1:colcon.colcon_core.package_discovery:discover_packages(colcon_meta) discover
[0.092s] Level 1:colcon.colcon_core.package_discovery:discover_packages(recursive) discover
[0.092s] INFO:colcon.colcon_core.package_discovery:Crawling recursively for packages in '/home/harshita/AMR'
[0.092s] Level 1:colcon.colcon_core.package_identification:_identify(.) by extensions ['ignore', 'ignore_ament_install']
[0.092s] Level 1:colcon.colcon_core.package_identification:_identify(.) by extension 'ignore'
[0.092s] Level 1:colcon.colcon_core.package_identification:_identify(.) by extension 'ignore_ament_install'
[0.092s] Level 1:colcon.colcon_core.package_identification:_identify(.) by extensions ['colcon_pkg']
[0.092s] Level 1:colcon.colcon_core.package_identification:_identify(.) by extension 'colcon_pkg'
[0.093s] Level 1:colcon.colcon_core.package_identification:_identify(.) by extensions ['colcon_meta']
[0.093s] Level 1:colcon.colcon_core.package_identification:_identify(.) by extension 'colcon_meta'
[0.093s] Level 1:colcon.colcon_core.package_identification:_identify(.) by extensions ['ros']
[0.093s] Level 1:colcon.colcon_core.package_identification:_identify(.) by extension 'ros'
[0.103s] Level 1:colcon.colcon_core.package_identification:_identify(.) by extensions ['cmake', 'python']
[0.103s] Level 1:colcon.colcon_core.package_identification:_identify(.) by extension 'cmake'
[0.103s] Level 1:colcon.colcon_core.package_identification:_identify(.) by extension 'python'
[0.103s] Level 1:colcon.colcon_core.package_identification:_identify(.) by extensions ['python_setup_py']
[0.103s] Level 1:colcon.colcon_core.package_identification:_identify(.) by extension 'python_setup_py'
[0.103s] Level 1:colcon.colcon_core.package_identification:_identify(build) by extensions ['ignore', 'ignore_ament_install']
[0.103s] Level 1:colcon.colcon_core.package_identification:_identify(build) by extension 'ignore'
[0.103s] Level 1:colcon.colcon_core.package_identification:_identify(build) ignored
[0.103s] Level 1:colcon.colcon_core.package_identification:_identify(install) by extensions ['ignore', 'ignore_ament_install']
[0.103s] Level 1:colcon.colcon_core.package_identification:_identify(install) by extension 'ignore'
[0.103s] Level 1:colcon.colcon_core.package_identification:_identify(install) ignored
[0.103s] Level 1:colcon.colcon_core.package_identification:_identify(log) by extensions ['ignore', 'ignore_ament_install']
[0.103s] Level 1:colcon.colcon_core.package_identification:_identify(log) by extension 'ignore'
[0.103s] Level 1:colcon.colcon_core.package_identification:_identify(log) ignored
[0.103s] Level 1:colcon.colcon_core.package_identification:_identify(src) by extensions ['ignore', 'ignore_ament_install']
[0.103s] Level 1:colcon.colcon_core.package_identification:_identify(src) by extension 'ignore'
[0.103s] Level 1:colcon.colcon_core.package_identification:_identify(src) by extension 'ignore_ament_install'
[0.103s] Level 1:colcon.colcon_core.package_identification:_identify(src) by extensions ['colcon_pkg']
[0.103s] Level 1:colcon.colcon_core.package_identification:_identify(src) by extension 'colcon_pkg'
[0.103s] Level 1:colcon.colcon_core.package_identification:_identify(src) by extensions ['colcon_meta']
[0.103s] Level 1:colcon.colcon_core.package_identification:_identify(src) by extension 'colcon_meta'
[0.104s] Level 1:colcon.colcon_core.package_identification:_identify(src) by extensions ['ros']
[0.104s] Level 1:colcon.colcon_core.package_identification:_identify(src) by extension 'ros'
[0.104s] Level 1:colcon.colcon_core.package_identification:_identify(src) by extensions ['cmake', 'python']
[0.104s] Level 1:colcon.colcon_core.package_identification:_identify(src) by extension 'cmake'
[0.104s] Level 1:colcon.colcon_core.package_identification:_identify(src) by extension 'python'
[0.104s] Level 1:colcon.colcon_core.package_identification:_identify(src) by extensions ['python_setup_py']
[0.104s] Level 1:colcon.colcon_core.package_identification:_identify(src) by extension 'python_setup_py'
[0.104s] Level 1:colcon.colcon_core.package_identification:_identify(src/am_robo) by extensions ['ignore', 'ignore_ament_install']
[0.104s] Level 1:colcon.colcon_core.package_identification:_identify(src/am_robo) by extension 'ignore'
[0.104s] Level 1:colcon.colcon_core.package_identification:_identify(src/am_robo) by extension 'ignore_ament_install'
[0.104s] Level 1:colcon.colcon_core.package_identification:_identify(src/am_robo) by extensions ['colcon_pkg']
[0.104s] Level 1:colcon.colcon_core.package_identification:_identify(src/am_robo) by extension 'colcon_pkg'
[0.104s] Level 1:colcon.colcon_core.package_identification:_identify(src/am_robo) by extensions ['colcon_meta']
[0.104s] Level 1:colcon.colcon_core.package_identification:_identify(src/am_robo) by extension 'colcon_meta'
[0.104s] Level 1:colcon.colcon_core.package_identification:_identify(src/am_robo) by extensions ['ros']
[0.104s] Level 1:colcon.colcon_core.package_identification:_identify(src/am_robo) by extension 'ros'
[0.105s] DEBUG:colcon.colcon_core.package_identification:Package 'src/am_robo' with type 'ros.ament_cmake' and name 'am_robo'
[0.105s] Level 1:colcon.colcon_core.package_discovery:discover_packages(recursive) using defaults
[0.105s] Level 1:colcon.colcon_core.package_discovery:discover_packages(ignore) discover
[0.105s] Level 1:colcon.colcon_core.package_discovery:discover_packages(ignore) using defaults
[0.105s] Level 1:colcon.colcon_core.package_discovery:discover_packages(path) discover
[0.105s] Level 1:colcon.colcon_core.package_discovery:discover_packages(path) using defaults
[0.119s] Level 1:colcon.colcon_core.package_discovery:discover_packages(prefix_path) check parameters
[0.119s] Level 1:colcon.colcon_core.package_discovery:discover_packages(prefix_path) discover
[0.120s] DEBUG:colcon.colcon_installed_package_information.package_discovery:Found 0 installed packages in /home/harshita/AMR/install
[0.120s] DEBUG:colcon.colcon_installed_package_information.package_discovery:Found 3 installed packages in /home/harshita/ros2_ws/install
[0.121s] DEBUG:colcon.colcon_installed_package_information.package_discovery:Found 295 installed packages in /opt/ros/humble
[0.122s] Level 1:colcon.colcon_core.package_discovery:discover_packages(prefix_path) using defaults
[0.144s] Level 5:colcon.colcon_core.verb:set package 'am_robo' build argument 'cmake_args' from command line to 'None'
[0.144s] Level 5:colcon.colcon_core.verb:set package 'am_robo' build argument 'cmake_target' from command line to 'None'
[0.144s] Level 5:colcon.colcon_core.verb:set package 'am_robo' build argument 'cmake_target_skip_unavailable' from command line to 'False'
[0.144s] Level 5:colcon.colcon_core.verb:set package 'am_robo' build argument 'cmake_clean_cache' from command line to 'False'
[0.144s] Level 5:colcon.colcon_core.verb:set package 'am_robo' build argument 'cmake_clean_first' from command line to 'False'
[0.144s] Level 5:colcon.colcon_core.verb:set package 'am_robo' build argument 'cmake_force_configure' from command line to 'False'
[0.144s] Level 5:colcon.colcon_core.verb:set package 'am_robo' build argument 'ament_cmake_args' from command line to 'None'
[0.144s] Level 5:colcon.colcon_core.verb:set package 'am_robo' build argument 'catkin_cmake_args' from command line to 'None'
[0.144s] Level 5:colcon.colcon_core.verb:set package 'am_robo' build argument 'catkin_skip_building_tests' from command line to 'False'
[0.144s] DEBUG:colcon.colcon_core.verb:Building package 'am_robo' with the following arguments: {'ament_cmake_args': None, 'build_base': '/home/harshita/AMR/build/am_robo', 'catkin_cmake_args': None, 'catkin_skip_building_tests': False, 'cmake_args': None, 'cmake_clean_cache': False, 'cmake_clean_first': False, 'cmake_force_configure': False, 'cmake_target': None, 'cmake_target_skip_unavailable': False, 'install_base': '/home/harshita/AMR/install/am_robo', 'merge_install': False, 'path': '/home/harshita/AMR/src/am_robo', 'symlink_install': True, 'test_result_base': None}
[0.144s] INFO:colcon.colcon_core.executor:Executing jobs using 'parallel' executor
[0.145s] DEBUG:colcon.colcon_parallel_executor.executor.parallel:run_until_complete
[0.145s] INFO:colcon.colcon_ros.task.ament_cmake.build:Building ROS package in '/home/harshita/AMR/src/am_robo' with build type 'ament_cmake'
[0.145s] INFO:colcon.colcon_cmake.task.cmake.build:Building CMake package in '/home/harshita/AMR/src/am_robo'
[0.147s] INFO:colcon.colcon_core.plugin_system:Skipping extension 'colcon_core.shell.bat': Not used on non-Windows systems
[0.147s] INFO:colcon.colcon_core.shell:Skip shell extension 'powershell' for command environment: Not usable outside of PowerShell
[0.147s] DEBUG:colcon.colcon_core.shell:Skip shell extension 'dsv' for command environment
[0.159s] DEBUG:colcon.colcon_core.event_handler.log_command:Invoking command in '/home/harshita/AMR/build/am_robo': CMAKE_PREFIX_PATH=${CMAKE_PREFIX_PATH}:/home/harshita/ros2_ws/install/quad_controller:/opt/ros/humble /usr/bin/cmake /home/harshita/AMR/src/am_robo -DAMENT_CMAKE_SYMLINK_INSTALL=1 -DCMAKE_INSTALL_PREFIX=/home/harshita/AMR/install/am_robo
[1.600s] DEBUG:colcon.colcon_core.event_handler.log_command:Invoked command in '/home/harshita/AMR/build/am_robo' returned '0': CMAKE_PREFIX_PATH=${CMAKE_PREFIX_PATH}:/home/harshita/ros2_ws/install/quad_controller:/opt/ros/humble /usr/bin/cmake /home/harshita/AMR/src/am_robo -DAMENT_CMAKE_SYMLINK_INSTALL=1 -DCMAKE_INSTALL_PREFIX=/home/harshita/AMR/install/am_robo
[1.602s] DEBUG:colcon.colcon_core.event_handler.log_command:Invoking command in '/home/harshita/AMR/build/am_robo': CMAKE_PREFIX_PATH=${CMAKE_PREFIX_PATH}:/home/harshita/ros2_ws/install/quad_controller:/opt/ros/humble /usr/bin/cmake --build /home/harshita/AMR/build/am_robo -- -j12 -l12
[1.641s] DEBUG:colcon.colcon_core.event_handler.log_command:Invoked command in '/home/harshita/AMR/build/am_robo' returned '0': CMAKE_PREFIX_PATH=${CMAKE_PREFIX_PATH}:/home/harshita/ros2_ws/install/quad_controller:/opt/ros/humble /usr/bin/cmake --build /home/harshita/AMR/build/am_robo -- -j12 -l12
[1.652s] DEBUG:colcon.colcon_core.event_handler.log_command:Invoking command in '/home/harshita/AMR/build/am_robo': CMAKE_PREFIX_PATH=${CMAKE_PREFIX_PATH}:/home/harshita/ros2_ws/install/quad_controller:/opt/ros/humble /usr/bin/cmake --install /home/harshita/AMR/build/am_robo
[1.799s] Level 1:colcon.colcon_core.environment:create_environment_scripts_only(am_robo)
[1.799s] DEBUG:colcon.colcon_core.event_handler.log_command:Invoked command in '/home/harshita/AMR/build/am_robo' returned '0': CMAKE_PREFIX_PATH=${CMAKE_PREFIX_PATH}:/home/harshita/ros2_ws/install/quad_controller:/opt/ros/humble /usr/bin/cmake --install /home/harshita/AMR/build/am_robo
[1.806s] Level 1:colcon.colcon_core.environment:checking '/home/harshita/AMR/install/am_robo' for CMake module files
[1.806s] Level 1:colcon.colcon_core.environment:checking '/home/harshita/AMR/install/am_robo' for CMake config files
[1.807s] Level 1:colcon.colcon_core.shell:create_environment_hook('am_robo', 'cmake_prefix_path')
[1.807s] INFO:colcon.colcon_core.shell:Creating environment hook '/home/harshita/AMR/install/am_robo/share/am_robo/hook/cmake_prefix_path.ps1'
[1.808s] INFO:colcon.colcon_core.shell:Creating environment descriptor '/home/harshita/AMR/install/am_robo/share/am_robo/hook/cmake_prefix_path.dsv'
[1.809s] INFO:colcon.colcon_core.shell:Creating environment hook '/home/harshita/AMR/install/am_robo/share/am_robo/hook/cmake_prefix_path.sh'
[1.811s] Level 1:colcon.colcon_core.environment:checking '/home/harshita/AMR/install/am_robo/bin'
[1.811s] Level 1:colcon.colcon_core.environment:checking '/home/harshita/AMR/install/am_robo/lib/pkgconfig/am_robo.pc'
[1.811s] Level 1:colcon.colcon_core.environment:checking '/home/harshita/AMR/install/am_robo/lib/python3.10/site-packages'
[1.811s] Level 1:colcon.colcon_core.environment:checking '/home/harshita/AMR/install/am_robo/bin'
[1.812s] INFO:colcon.colcon_core.shell:Creating package script '/home/harshita/AMR/install/am_robo/share/am_robo/package.ps1'
[1.813s] INFO:colcon.colcon_core.shell:Creating package descriptor '/home/harshita/AMR/install/am_robo/share/am_robo/package.dsv'
[1.814s] INFO:colcon.colcon_core.shell:Creating package script '/home/harshita/AMR/install/am_robo/share/am_robo/package.sh'
[1.814s] INFO:colcon.colcon_core.shell:Creating package script '/home/harshita/AMR/install/am_robo/share/am_robo/package.bash'
[1.815s] INFO:colcon.colcon_core.shell:Creating package script '/home/harshita/AMR/install/am_robo/share/am_robo/package.zsh'
[1.816s] Level 1:colcon.colcon_core.environment:create_file_with_runtime_dependencies(/home/harshita/AMR/install/am_robo/share/colcon-core/packages/am_robo)
[1.816s] Level 1:colcon.colcon_core.environment:create_environment_scripts_only(am_robo)
[1.817s] Level 1:colcon.colcon_core.environment:checking '/home/harshita/AMR/install/am_robo' for CMake module files
[1.817s] Level 1:colcon.colcon_core.environment:checking '/home/harshita/AMR/install/am_robo' for CMake config files
[1.817s] Level 1:colcon.colcon_core.shell:create_environment_hook('am_robo', 'cmake_prefix_path')
[1.817s] INFO:colcon.colcon_core.shell:Creating environment hook '/home/harshita/AMR/install/am_robo/share/am_robo/hook/cmake_prefix_path.ps1'
[1.818s] INFO:colcon.colcon_core.shell:Creating environment descriptor '/home/harshita/AMR/install/am_robo/share/am_robo/hook/cmake_prefix_path.dsv'
[1.818s] INFO:colcon.colcon_core.shell:Creating environment hook '/home/harshita/AMR/install/am_robo/share/am_robo/hook/cmake_prefix_path.sh'
[1.818s] Level 1:colcon.colcon_core.environment:checking '/home/harshita/AMR/install/am_robo/bin'
[1.818s] Level 1:colcon.colcon_core.environment:checking '/home/harshita/AMR/install/am_robo/lib/pkgconfig/am_robo.pc'
[1.818s] Level 1:colcon.colcon_core.environment:checking '/home/harshita/AMR/install/am_robo/lib/python3.10/site-packages'
[1.819s] Level 1:colcon.colcon_core.environment:checking '/home/harshita/AMR/install/am_robo/bin'
[1.819s] INFO:colcon.colcon_core.shell:Creating package script '/home/harshita/AMR/install/am_robo/share/am_robo/package.ps1'
[1.819s] INFO:colcon.colcon_core.shell:Creating package descriptor '/home/harshita/AMR/install/am_robo/share/am_robo/package.dsv'
[1.819s] INFO:colcon.colcon_core.shell:Creating package script '/home/harshita/AMR/install/am_robo/share/am_robo/package.sh'
[1.820s] INFO:colcon.colcon_core.shell:Creating package script '/home/harshita/AMR/install/am_robo/share/am_robo/package.bash'
[1.820s] INFO:colcon.colcon_core.shell:Creating package script '/home/harshita/AMR/install/am_robo/share/am_robo/package.zsh'
[1.820s] Level 1:colcon.colcon_core.environment:create_file_with_runtime_dependencies(/home/harshita/AMR/install/am_robo/share/colcon-core/packages/am_robo)
[1.820s] DEBUG:colcon.colcon_parallel_executor.executor.parallel:closing loop
[1.820s] DEBUG:colcon.colcon_parallel_executor.executor.parallel:loop closed
[1.820s] DEBUG:colcon.colcon_parallel_executor.executor.parallel:run_until_complete finished with '0'
[1.821s] DEBUG:colcon.colcon_core.event_reactor:joining thread
[1.824s] INFO:colcon.colcon_core.plugin_system:Skipping extension 'colcon_notification.desktop_notification.terminal_notifier': Not used on non-Darwin systems
[1.824s] INFO:colcon.colcon_core.plugin_system:Skipping extension 'colcon_notification.desktop_notification.win32': Not used on non-Windows systems
[1.824s] INFO:colcon.colcon_notification.desktop_notification:Sending desktop notification using 'notify2'
[1.837s] DEBUG:colcon.colcon_core.event_reactor:joined thread
[1.837s] INFO:colcon.colcon_core.shell:Creating prefix script '/home/harshita/AMR/install/local_setup.ps1'
[1.839s] INFO:colcon.colcon_core.shell:Creating prefix util module '/home/harshita/AMR/install/_local_setup_util_ps1.py'
[1.841s] INFO:colcon.colcon_core.shell:Creating prefix chain script '/home/harshita/AMR/install/setup.ps1'
[1.842s] INFO:colcon.colcon_core.shell:Creating prefix script '/home/harshita/AMR/install/local_setup.sh'
[1.843s] INFO:colcon.colcon_core.shell:Creating prefix util module '/home/harshita/AMR/install/_local_setup_util_sh.py'
[1.843s] INFO:colcon.colcon_core.shell:Creating prefix chain script '/home/harshita/AMR/install/setup.sh'
[1.845s] INFO:colcon.colcon_core.shell:Creating prefix script '/home/harshita/AMR/install/local_setup.bash'
[1.845s] INFO:colcon.colcon_core.shell:Creating prefix chain script '/home/harshita/AMR/install/setup.bash'
[1.846s] INFO:colcon.colcon_core.shell:Creating prefix script '/home/harshita/AMR/install/local_setup.zsh'
[1.847s] INFO:colcon.colcon_core.shell:Creating prefix chain script '/home/harshita/AMR/install/setup.zsh'
