[0.009s] Invoking command in '/home/harshita/AMR/build/am_robo': CMAKE_PREFIX_PATH=${CMAKE_PREFIX_PATH}:/opt/ros/humble /usr/bin/cmake /home/harshita/AMR/src/am_robo -DCMAKE_INSTALL_PREFIX=/home/harshita/AMR/install/am_robo
[0.048s] -- Found ament_cmake: 1.3.12 (/opt/ros/humble/share/ament_cmake/cmake)
[0.150s] -- Override CMake install command with custom implementation using symlinks instead of copying resources
[0.164s] -- Found rclcpp: 16.0.16 (/opt/ros/humble/share/rclcpp/cmake)
[0.199s] -- Found rosidl_generator_c: 3.1.7 (/opt/ros/humble/share/rosidl_generator_c/cmake)
[0.202s] -- Found rosidl_adapter: 3.1.7 (/opt/ros/humble/share/rosidl_adapter/cmake)
[0.208s] -- Found rosidl_generator_cpp: 3.1.7 (/opt/ros/humble/share/rosidl_generator_cpp/cmake)
[0.218s] -- Using all available rosidl_typesupport_c: rosidl_typesupport_fastrtps_c;rosidl_typesupport_introspection_c
[0.229s] -- Using all available rosidl_typesupport_cpp: rosidl_typesupport_fastrtps_cpp;rosidl_typesupport_introspection_cpp
[0.260s] -- Found rmw_implementation_cmake: 6.1.2 (/opt/ros/humble/share/rmw_implementation_cmake/cmake)
[0.261s] -- Found rmw_fastrtps_cpp: 6.2.9 (/opt/ros/humble/share/rmw_fastrtps_cpp/cmake)
[0.363s] -- Using RMW implementation 'rmw_fastrtps_cpp' as default
[0.408s] -- Found ament_lint_auto: 0.12.14 (/opt/ros/humble/share/ament_lint_auto/cmake)
[0.462s] -- Added test 'flake8' to check Python code syntax and style conventions
[0.462s] -- Added test 'lint_cmake' to check CMake code style
[0.462s] -- Added test 'pep257' to check Python code against some of the docstring style conventions in PEP 257
[0.463s] -- Added test 'xmllint' to check XML markup files
[0.464s] -- Configuring done
[0.469s] -- Generating done
[0.470s] -- Build files have been written to: /home/harshita/AMR/build/am_robo
[0.476s] Invoked command in '/home/harshita/AMR/build/am_robo' returned '0': CMAKE_PREFIX_PATH=${CMAKE_PREFIX_PATH}:/opt/ros/humble /usr/bin/cmake /home/harshita/AMR/src/am_robo -DCMAKE_INSTALL_PREFIX=/home/harshita/AMR/install/am_robo
[0.478s] Invoking command in '/home/harshita/AMR/build/am_robo': CMAKE_PREFIX_PATH=${CMAKE_PREFIX_PATH}:/opt/ros/humble /usr/bin/cmake --build /home/harshita/AMR/build/am_robo -- -j12 -l12
[0.517s] Invoked command in '/home/harshita/AMR/build/am_robo' returned '0': CMAKE_PREFIX_PATH=${CMAKE_PREFIX_PATH}:/opt/ros/humble /usr/bin/cmake --build /home/harshita/AMR/build/am_robo -- -j12 -l12
[0.529s] Invoking command in '/home/harshita/AMR/build/am_robo': CMAKE_PREFIX_PATH=${CMAKE_PREFIX_PATH}:/opt/ros/humble /usr/bin/cmake --install /home/harshita/AMR/build/am_robo
[0.539s] -- Install configuration: ""
[0.539s] -- Execute custom install script
[0.540s] -- Up-to-date symlink: /home/harshita/AMR/install/am_robo/share/am_robo/description/gazebo_control.xacro
[0.540s] -- Up-to-date symlink: /home/harshita/AMR/install/am_robo/share/am_robo/description/inertial_macros.xacro
[0.540s] -- Up-to-date symlink: /home/harshita/AMR/install/am_robo/share/am_robo/description/robot.urdf.xacro
[0.540s] -- Up-to-date symlink: /home/harshita/AMR/install/am_robo/share/am_robo/description/robot_core.xacro
[0.540s] -- Up-to-date symlink: /home/harshita/AMR/install/am_robo/share/am_robo/description/ros2_control.xacro
[0.541s] -- Up-to-date symlink: /home/harshita/AMR/install/am_robo/share/am_robo/launch/launch_sim.launch.py
[0.541s] -- Up-to-date symlink: /home/harshita/AMR/install/am_robo/share/am_robo/launch/rsp.launch.py
[0.541s] -- Up-to-date symlink: /home/harshita/AMR/install/am_robo/share/ament_index/resource_index/package_run_dependencies/am_robo
[0.542s] -- Up-to-date symlink: /home/harshita/AMR/install/am_robo/share/ament_index/resource_index/parent_prefix_path/am_robo
[0.542s] -- Up-to-date symlink: /home/harshita/AMR/install/am_robo/share/am_robo/environment/ament_prefix_path.sh
[0.542s] -- Up-to-date symlink: /home/harshita/AMR/install/am_robo/share/am_robo/environment/ament_prefix_path.dsv
[0.543s] -- Up-to-date symlink: /home/harshita/AMR/install/am_robo/share/am_robo/environment/path.sh
[0.543s] -- Up-to-date symlink: /home/harshita/AMR/install/am_robo/share/am_robo/environment/path.dsv
[0.543s] -- Up-to-date symlink: /home/harshita/AMR/install/am_robo/share/am_robo/local_setup.bash
[0.543s] -- Up-to-date symlink: /home/harshita/AMR/install/am_robo/share/am_robo/local_setup.sh
[0.544s] -- Up-to-date symlink: /home/harshita/AMR/install/am_robo/share/am_robo/local_setup.zsh
[0.544s] -- Up-to-date symlink: /home/harshita/AMR/install/am_robo/share/am_robo/local_setup.dsv
[0.544s] -- Symlinking: /home/harshita/AMR/install/am_robo/share/am_robo/package.dsv
[0.557s] -- Up-to-date symlink: /home/harshita/AMR/install/am_robo/share/ament_index/resource_index/packages/am_robo
[0.558s] -- Up-to-date symlink: /home/harshita/AMR/install/am_robo/share/am_robo/cmake/am_roboConfig.cmake
[0.558s] -- Up-to-date symlink: /home/harshita/AMR/install/am_robo/share/am_robo/cmake/am_roboConfig-version.cmake
[0.558s] -- Up-to-date symlink: /home/harshita/AMR/install/am_robo/share/am_robo/package.xml
[0.560s] Invoked command in '/home/harshita/AMR/build/am_robo' returned '0': CMAKE_PREFIX_PATH=${CMAKE_PREFIX_PATH}:/opt/ros/humble /usr/bin/cmake --install /home/harshita/AMR/build/am_robo
