-- Found ament_cmake: 1.3.12 (/opt/ros/humble/share/ament_cmake/cmake)
-- Override CMake install command with custom implementation using symlinks instead of copying resources
-- Found rclcpp: 16.0.16 (/opt/ros/humble/share/rclcpp/cmake)
-- Found rosidl_generator_c: 3.1.7 (/opt/ros/humble/share/rosidl_generator_c/cmake)
-- Found rosidl_adapter: 3.1.7 (/opt/ros/humble/share/rosidl_adapter/cmake)
-- Found rosidl_generator_cpp: 3.1.7 (/opt/ros/humble/share/rosidl_generator_cpp/cmake)
-- Using all available rosidl_typesupport_c: rosidl_typesupport_fastrtps_c;rosidl_typesupport_introspection_c
-- Using all available rosidl_typesupport_cpp: rosidl_typesupport_fastrtps_cpp;rosidl_typesupport_introspection_cpp
-- Found rmw_implementation_cmake: 6.1.2 (/opt/ros/humble/share/rmw_implementation_cmake/cmake)
-- Found rmw_fastrtps_cpp: 6.2.9 (/opt/ros/humble/share/rmw_fastrtps_cpp/cmake)
-- Using RMW implementation 'rmw_fastrtps_cpp' as default
-- Found ament_lint_auto: 0.12.14 (/opt/ros/humble/share/ament_lint_auto/cmake)
-- Added test 'flake8' to check Python code syntax and style conventions
-- Added test 'lint_cmake' to check CMake code style
-- Added test 'pep257' to check Python code against some of the docstring style conventions in PEP 257
-- Added test 'xmllint' to check XML markup files
-- Configuring done
-- Generating done
-- Build files have been written to: /home/harshita/AMR/build/am_robo
-- Install configuration: ""
-- Execute custom install script
-- Symlinking: /home/harshita/AMR/install/am_robo/share/am_robo/launch/rsp.launch.py
-- Up-to-date symlink: /home/harshita/AMR/install/am_robo/share/ament_index/resource_index/package_run_dependencies/am_robo
-- Up-to-date symlink: /home/harshita/AMR/install/am_robo/share/ament_index/resource_index/parent_prefix_path/am_robo
-- Up-to-date symlink: /home/harshita/AMR/install/am_robo/share/am_robo/environment/ament_prefix_path.sh
-- Up-to-date symlink: /home/harshita/AMR/install/am_robo/share/am_robo/environment/ament_prefix_path.dsv
-- Up-to-date symlink: /home/harshita/AMR/install/am_robo/share/am_robo/environment/path.sh
-- Up-to-date symlink: /home/harshita/AMR/install/am_robo/share/am_robo/environment/path.dsv
-- Up-to-date symlink: /home/harshita/AMR/install/am_robo/share/am_robo/local_setup.bash
-- Up-to-date symlink: /home/harshita/AMR/install/am_robo/share/am_robo/local_setup.sh
-- Up-to-date symlink: /home/harshita/AMR/install/am_robo/share/am_robo/local_setup.zsh
-- Up-to-date symlink: /home/harshita/AMR/install/am_robo/share/am_robo/local_setup.dsv
-- Symlinking: /home/harshita/AMR/install/am_robo/share/am_robo/package.dsv
-- Up-to-date symlink: /home/harshita/AMR/install/am_robo/share/ament_index/resource_index/packages/am_robo
-- Up-to-date symlink: /home/harshita/AMR/install/am_robo/share/am_robo/cmake/am_roboConfig.cmake
-- Up-to-date symlink: /home/harshita/AMR/install/am_robo/share/am_robo/cmake/am_roboConfig-version.cmake
-- Up-to-date symlink: /home/harshita/AMR/install/am_robo/share/am_robo/package.xml
