[0.009s] Invoking command in '/home/harshita/AMR/build/am_robo': CMAKE_PREFIX_PATH=${CMAKE_PREFIX_PATH}:/home/harshita/ros2_ws/install/quad_controller:/opt/ros/humble /usr/bin/cmake --build /home/harshita/AMR/build/am_robo -- -j12 -l12
[0.042s] Invoked command in '/home/harshita/AMR/build/am_robo' returned '0': CMAKE_PREFIX_PATH=${CMAKE_PREFIX_PATH}:/home/harshita/ros2_ws/install/quad_controller:/opt/ros/humble /usr/bin/cmake --build /home/harshita/AMR/build/am_robo -- -j12 -l12
[0.053s] Invoking command in '/home/harshita/AMR/build/am_robo': CMAKE_PREFIX_PATH=${CMAKE_PREFIX_PATH}:/home/harshita/ros2_ws/install/quad_controller:/opt/ros/humble /usr/bin/cmake --install /home/harshita/AMR/build/am_robo
[0.061s] -- Install configuration: ""
[0.061s] -- Execute custom install script
[0.061s] -- Up-to-date symlink: /home/harshita/AMR/install/am_robo/share/am_robo/launch/rsp.launch.py
[0.062s] -- Up-to-date symlink: /home/harshita/AMR/install/am_robo/share/ament_index/resource_index/package_run_dependencies/am_robo
[0.062s] -- Up-to-date symlink: /home/harshita/AMR/install/am_robo/share/ament_index/resource_index/parent_prefix_path/am_robo
[0.062s] -- Up-to-date symlink: /home/harshita/AMR/install/am_robo/share/am_robo/environment/ament_prefix_path.sh
[0.062s] -- Up-to-date symlink: /home/harshita/AMR/install/am_robo/share/am_robo/environment/ament_prefix_path.dsv
[0.062s] -- Up-to-date symlink: /home/harshita/AMR/install/am_robo/share/am_robo/environment/path.sh
[0.062s] -- Up-to-date symlink: /home/harshita/AMR/install/am_robo/share/am_robo/environment/path.dsv
[0.063s] -- Up-to-date symlink: /home/harshita/AMR/install/am_robo/share/am_robo/local_setup.bash
[0.063s] -- Up-to-date symlink: /home/harshita/AMR/install/am_robo/share/am_robo/local_setup.sh
[0.063s] -- Up-to-date symlink: /home/harshita/AMR/install/am_robo/share/am_robo/local_setup.zsh
[0.063s] -- Up-to-date symlink: /home/harshita/AMR/install/am_robo/share/am_robo/local_setup.dsv
[0.063s] -- Symlinking: /home/harshita/AMR/install/am_robo/share/am_robo/package.dsv
[0.071s] -- Up-to-date symlink: /home/harshita/AMR/install/am_robo/share/ament_index/resource_index/packages/am_robo
[0.071s] -- Up-to-date symlink: /home/harshita/AMR/install/am_robo/share/am_robo/cmake/am_roboConfig.cmake
[0.071s] -- Up-to-date symlink: /home/harshita/AMR/install/am_robo/share/am_robo/cmake/am_roboConfig-version.cmake
[0.072s] -- Up-to-date symlink: /home/harshita/AMR/install/am_robo/share/am_robo/package.xml
[0.074s] Invoked command in '/home/harshita/AMR/build/am_robo' returned '0': CMAKE_PREFIX_PATH=${CMAKE_PREFIX_PATH}:/home/harshita/ros2_ws/install/quad_controller:/opt/ros/humble /usr/bin/cmake --install /home/harshita/AMR/build/am_robo
